Arguments: 
  C:\Program Files\nodejs\node.exe C:\Users\artur\AppData\Roaming\npm\node_modules\yarn\bin\yarn.js add express

PATH: 
  C:\Users\artur\bin;C:\Program Files\Git\mingw64\bin;C:\Program Files\Git\usr\local\bin;C:\Program Files\Git\usr\bin;C:\Program Files\Git\usr\bin;C:\Program Files\Git\mingw64\bin;C:\Program Files\Git\usr\bin;C:\Users\artur\bin;C:\Python39\Scripts;C:\Python39;C:\Program Files\Python37\Scripts;C:\Program Files\Python37;C:\Windows\system32;C:\Windows;C:\Windows\System32\Wbem;C:\Windows\System32\WindowsPowerShell\v1.0;C:\Program Files\Java\jdk-11.0.7\bin;C:\Program Files (x86)\NVIDIA Corporation\PhysX\Common;C:\WINDOWS\system32;C:\WINDOWS;C:\WINDOWS\System32\Wbem;C:\WINDOWS\System32\WindowsPowerShell\v1.0;C:\WINDOWS\System32\OpenSSH;C:\Program Files\dotnet;C:\Program Files\Git\cmd;C:\Program Files\NVIDIA Corporation\NVIDIA NvDLISR;C:\Program Files\MongoDB\Server\4.4\bin;C:\Program Files\nodejs;C:\ProgramData\chocolatey\bin;E:\Program Files\PuTTY;C:\Program Files\MySQL\MySQL Shell 8.0\bin;C:\Users\artur\AppData\Local\Programs\Python\Python38\Scripts;C:\Users\artur\AppData\Local\Programs\Python\Python38;C:\Users\artur\AppData\Local\Programs\Microsoft VS Code\bin;C:\Users\artur\AppData\Local\Microsoft\WindowsApps;C:\dart-flutter\flutter\bin;C:\Program Files\heroku\bin;C:\Users\artur\AppData\Roaming\npm;C:\Users\artur\AppData\Local\atom\bin;C:\Program Files\gitg\bin;C:\Program Files\Git\usr\bin\vendor_perl;C:\Program Files\Git\usr\bin\core_perl

Yarn version: 
  1.22.10

Node version: 
  14.16.0

Platform: 
  win32 x64

Trace: 
  Error: read ECONNRESET
      at TLSWrap.onStreamRead (internal/stream_base_commons.js:209:20)

npm manifest: 
  {
    "name": "nlwValoriza",
    "version": "1.0.0",
    "main": "index.js",
    "license": "MIT",
    "devDependencies": {
      "typescript": "^4.4.3"
    }
  }

yarn manifest: 
  No manifest

Lockfile: 
  # THIS IS AN AUTOGENERATED FILE. DO NOT EDIT THIS FILE DIRECTLY.
  # yarn lockfile v1
  
  
  typescript@^4.4.3:
    version "4.4.3"
    resolved "https://registry.yarnpkg.com/typescript/-/typescript-4.4.3.tgz#bdc5407caa2b109efd4f82fe130656f977a29324"
    integrity sha512-4xfscpisVgqqDfPaJo5vkd+Qd/ItkoagnHpufr+i2QCHBsNYp+G7UAoyFl8aPtx879u38wPV65rZ8qbGZijalA==
